#
# A fatal error has been detected by the Java Runtime Environment:
#
#  EXCEPTION_ACCESS_VIOLATION (0xc0000005) at pc=0x00007ffe5b94de67, pid=11452, tid=7988
#
# JRE version: Java(TM) SE Runtime Environment (16.0.1+9) (build 16.0.1+9-24)
# Java VM: Java HotSpot(TM) 64-Bit Server VM (16.0.1+9-24, mixed mode, sharing, tiered, compressed oops, compressed class ptrs, g1 gc, windows-amd64)
# Problematic frame:
# V  [jvm.dll+0x37de67]
#
# No core dump will be written. Minidumps are not enabled by default on client versions of Windows
#
# If you would like to submit a bug report, please visit:
#   https://bugreport.java.com/bugreport/crash.jsp
#

---------------  S U M M A R Y ------------

Command Line: -agentlib:jdwp=transport=dt_socket,address=127.0.0.1:59358,suspend=y,server=n -ea -Didea.test.cyclic.buffer.size=1048576 -javaagent:C:\Users\18374\AppData\Local\JetBrains\IntelliJIdea2021.3\captureAgent\debugger-agent.jar -Dfile.encoding=UTF-8 com.intellij.rt.junit.JUnitStarter -ideVersion5 -junit4 com.newcoder.community.MailTests,testHtmlMail

Host: Intel(R) Core(TM) i5-10210U CPU @ 1.60GHz, 8 cores, 15G,  Windows 10 , 64 bit Build 22000 (10.0.22000.434)
Time: Wed Mar  2 19:53:08 2022  Windows 10 , 64 bit Build 22000 (10.0.22000.434) elapsed time: 34.917516 seconds (0d 0h 0m 34s)

---------------  T H R E A D  ---------------

Current thread (0x0000022ff6d766c0):  JavaThread "JDWP Command Reader" daemon [_thread_in_vm, id=7988, stack(0x0000005f33500000,0x0000005f33600000)]

Stack: [0x0000005f33500000,0x0000005f33600000],  sp=0x0000005f335fefd0,  free space=1019k
Native frames: (J=compiled Java code, j=interpreted, Vv=VM code, C=native code)
V  [jvm.dll+0x37de67]
V  [jvm.dll+0x6686f2]
V  [jvm.dll+0x37e98b]
V  [jvm.dll+0x37ec17]
V  [jvm.dll+0x77bd30]
V  [jvm.dll+0x77e743]
